0 info it worked if it ends with ok
1 verbose cli [ 'C:\\Program Files (x86)\\nodejs\\\\node.exe',
1 verbose cli   'C:\\Program Files (x86)\\nodejs\\node_modules\\npm\\bin\\npm-cli.js',
1 verbose cli   'start' ]
2 info using npm@2.7.4
3 info using node@v0.12.2
4 verbose node symlink C:\Program Files (x86)\nodejs\\node.exe
5 verbose run-script [ 'prestart', 'start', 'poststart' ]
6 info prestart affinity-core@1.0.0
7 verbose unsafe-perm in lifecycle true
8 info affinity-core@1.0.0 Failed to exec prestart script
9 verbose stack Error: affinity-core@1.0.0 prestart: `concurrently  "dotnet restore" "bower install" "gulp scriptsNStyles"`
9 verbose stack Exit status 1
9 verbose stack     at EventEmitter.<anonymous> (C:\Program Files (x86)\nodejs\node_modules\npm\lib\utils\lifecycle.js:213:16)
9 verbose stack     at EventEmitter.emit (events.js:110:17)
9 verbose stack     at ChildProcess.<anonymous> (C:\Program Files (x86)\nodejs\node_modules\npm\lib\utils\spawn.js:14:12)
9 verbose stack     at ChildProcess.emit (events.js:110:17)
9 verbose stack     at maybeClose (child_process.js:1015:16)
9 verbose stack     at Process.ChildProcess._handle.onexit (child_process.js:1087:5)
10 verbose pkgid affinity-core@1.0.0
11 verbose cwd C:\Users\renan\Desktop\affinity-core-net
12 error Windows_NT 6.3.9600
13 error argv "C:\\Program Files (x86)\\nodejs\\\\node.exe" "C:\\Program Files (x86)\\nodejs\\node_modules\\npm\\bin\\npm-cli.js" "start"
14 error node v0.12.2
15 error npm  v2.7.4
16 error code ELIFECYCLE
17 error affinity-core@1.0.0 prestart: `concurrently  "dotnet restore" "bower install" "gulp scriptsNStyles"`
17 error Exit status 1
18 error Failed at the affinity-core@1.0.0 prestart script 'concurrently  "dotnet restore" "bower install" "gulp scriptsNStyles"'.
18 error This is most likely a problem with the affinity-core package,
18 error not with npm itself.
18 error Tell the author that this fails on your system:
18 error     concurrently  "dotnet restore" "bower install" "gulp scriptsNStyles"
18 error You can get their info via:
18 error     npm owner ls affinity-core
18 error There is likely additional logging output above.
19 verbose exit [ 1, true ]
